Tue, 05 Dec 2017 16:30:42 INFO 复制文件:F:\test\20171127-001-SONAR_IU_SEP.jdb to D:\temp\
Tue, 05 Dec 2017 16:30:42 INFO Md5 Check...匹配成功...OK:9652693349BF18159A6E5081A1E00243
Tue, 05 Dec 2017 16:30:42 INFO 复制文件:F:\test\20171204-011-IPS_IU_SEP.jdb to D:\temp\
Tue, 05 Dec 2017 16:30:42 INFO Md5 Check...匹配成功...OK:9DEC41DD90ED4E250B7587FDBCFC7250
Tue, 05 Dec 2017 16:30:43 INFO 复制文件:F:\test\vd4f0815.jdb to D:\temp\
Tue, 05 Dec 2017 16:30:44 INFO Md5 Check...匹配成功...OK:BE152117A4E25978AA2D3FD0863F4038
Tue, 05 Dec 2017 16:30:44 INFO 226 Successfully transferred "/incoming"
Tue, 05 Dec 2017 16:30:44 INFO 发送文件到ftp:D:\temp\20171127-001-SONAR_IU_SEP.jdb
Tue, 05 Dec 2017 16:30:44 INFO 发送文件到ftp:D:\temp\20171204-011-IPS_IU_SEP.jdb
Tue, 05 Dec 2017 16:30:44 INFO 发送文件到ftp:D:\temp\vd4f0815.jdb
Tue, 05 Dec 2017 16:30:48 INFO CD Eject Return value:0
Wed, 06 Dec 2017 08:39:37 INFO 复制文件:F:\test\20171127-001-SONAR_IU_SEP.jdb to D:\temp\
Wed, 06 Dec 2017 08:39:37 INFO Md5 Check...匹配成功...OK:9652693349BF18159A6E5081A1E00243
Wed, 06 Dec 2017 08:39:37 INFO 复制文件:F:\test\20171204-011-IPS_IU_SEP.jdb to D:\temp\
Wed, 06 Dec 2017 08:39:37 INFO Md5 Check...匹配成功...OK:9DEC41DD90ED4E250B7587FDBCFC7250
Wed, 06 Dec 2017 08:39:41 INFO 复制文件:F:\test\vd4f0815.jdb to D:\temp\
Wed, 06 Dec 2017 08:39:42 INFO Md5 Check...匹配成功...OK:BE152117A4E25978AA2D3FD0863F4038
Wed, 06 Dec 2017 08:39:42 INFO 复制文件:F:\test\vd4f0a07.jdb to D:\temp\
Wed, 06 Dec 2017 08:39:42 WARNING Md5 Check...匹配失败:D41D8CD98F00B204E9800998ECF8427E
Wed, 06 Dec 2017 08:40:03 WARNING can not connect to ftp server...
Wed, 06 Dec 2017 08:40:56 INFO 复制文件:F:\test\20171127-001-SONAR_IU_SEP.jdb to D:\temp\
Wed, 06 Dec 2017 08:40:56 INFO Md5 Check...匹配成功...OK:9652693349BF18159A6E5081A1E00243
Wed, 06 Dec 2017 08:40:56 INFO 复制文件:F:\test\20171204-011-IPS_IU_SEP.jdb to D:\temp\
Wed, 06 Dec 2017 08:40:56 INFO Md5 Check...匹配成功...OK:9DEC41DD90ED4E250B7587FDBCFC7250
Wed, 06 Dec 2017 08:40:58 INFO 复制文件:F:\test\vd4f0815.jdb to D:\temp\
Wed, 06 Dec 2017 08:40:59 INFO Md5 Check...匹配成功...OK:BE152117A4E25978AA2D3FD0863F4038
Wed, 06 Dec 2017 08:40:59 INFO 复制文件:F:\test\vd4f0a07.jdb to D:\temp\
Wed, 06 Dec 2017 08:40:59 WARNING Md5 Check...匹配失败:D41D8CD98F00B204E9800998ECF8427E
Wed, 06 Dec 2017 08:41:20 WARNING can not connect to ftp server...
Wed, 06 Dec 2017 08:42:53 INFO 复制文件:F:\test\20171127-001-SONAR_IU_SEP.jdb to D:\temp\
Wed, 06 Dec 2017 08:42:53 INFO Md5 Check...匹配成功...OK:9652693349BF18159A6E5081A1E00243
Wed, 06 Dec 2017 08:42:53 INFO 复制文件:F:\test\20171205-011-IPS_IU_SEP.jdb to D:\temp\
Wed, 06 Dec 2017 08:42:53 INFO Md5 Check...匹配成功...OK:073395E609066EA26F20D0A5134BE92C
Wed, 06 Dec 2017 08:42:54 INFO 复制文件:F:\test\vd4f0a07.jdb to D:\temp\
Wed, 06 Dec 2017 08:42:54 INFO Md5 Check...匹配成功...OK:C473CECA32556040D923E7C7302C7054
Wed, 06 Dec 2017 08:43:15 WARNING can not connect to ftp server...
Wed, 06 Dec 2017 08:51:18 INFO 复制文件:F:\test\20171127-001-SONAR_IU_SEP.jdb to D:\temp\
Wed, 06 Dec 2017 08:51:18 INFO Md5 Check...匹配成功...OK:9652693349BF18159A6E5081A1E00243
Wed, 06 Dec 2017 08:51:18 INFO 复制文件:F:\test\20171205-011-IPS_IU_SEP.jdb to D:\temp\
Wed, 06 Dec 2017 08:51:18 INFO Md5 Check...匹配成功...OK:073395E609066EA26F20D0A5134BE92C
Wed, 06 Dec 2017 08:51:20 INFO 复制文件:F:\test\vd4f0a07.jdb to D:\temp\
Wed, 06 Dec 2017 08:51:20 INFO Md5 Check...匹配成功...OK:C473CECA32556040D923E7C7302C7054
Wed, 06 Dec 2017 08:51:42 WARNING can not connect to ftp server...
Wed, 06 Dec 2017 12:16:52 INFO 复制文件:F:\test\20171127-001-SONAR_IU_SEP.jdb to D:\temp\
Wed, 06 Dec 2017 12:16:52 INFO Md5 Check...匹配成功...OK:9652693349BF18159A6E5081A1E00243
Wed, 06 Dec 2017 12:16:52 INFO 复制文件:F:\test\20171205-011-IPS_IU_SEP.jdb to D:\temp\
Wed, 06 Dec 2017 12:16:52 INFO Md5 Check...匹配成功...OK:073395E609066EA26F20D0A5134BE92C
Wed, 06 Dec 2017 12:16:54 INFO 复制文件:F:\test\vd4f0a07.jdb to D:\temp\
Wed, 06 Dec 2017 12:16:54 INFO Md5 Check...匹配成功...OK:C473CECA32556040D923E7C7302C7054
Wed, 06 Dec 2017 12:17:15 WARNING can not connect to ftp server...请检查ftp服务器可用，用户密码正确
Wed, 06 Dec 2017 12:18:29 INFO 复制文件:F:\test\20171127-001-SONAR_IU_SEP.jdb to D:\temp\
Wed, 06 Dec 2017 12:18:29 INFO Md5 Check...匹配成功...OK:9652693349BF18159A6E5081A1E00243
Wed, 06 Dec 2017 12:18:29 INFO 复制文件:F:\test\20171205-011-IPS_IU_SEP.jdb to D:\temp\
Wed, 06 Dec 2017 12:18:29 INFO Md5 Check...匹配成功...OK:073395E609066EA26F20D0A5134BE92C
Wed, 06 Dec 2017 12:18:31 INFO 复制文件:F:\test\vd4f0a07.jdb to D:\temp\
Wed, 06 Dec 2017 12:18:31 INFO Md5 Check...匹配成功...OK:C473CECA32556040D923E7C7302C7054
Wed, 06 Dec 2017 12:18:52 WARNING can not connect to ftp server...请检查ftp服务器可用，用户密码正确
