Thu, 14 Dec 2017 09:07:55 gethttpfile.py[line:116] INFO 下载目标地址：https://www.symantec.com/security_response/definitions/download/detail.jsp?gid=sep
Thu, 14 Dec 2017 09:07:56 gethttpfile.py[line:128] INFO 正在下载文件 : http://definitions.symantec.com/defs/jdb/vd4f1a07.jdb
Thu, 14 Dec 2017 09:10:36 gethttpfile.py[line:133] INFO MD5值 : 0577D937F7942361C12580A780E3D268
Thu, 14 Dec 2017 09:10:36 gethttpfile.py[line:139] INFO Md5 Check...匹配成功...OK
Thu, 14 Dec 2017 09:10:36 gethttpfile.py[line:116] INFO 下载目标地址：https://www.symantec.com/security_response/definitions/download/detail.jsp?gid=ips
Thu, 14 Dec 2017 09:10:37 gethttpfile.py[line:128] INFO 正在下载文件 : http://definitions.symantec.com/defs/ips/20171212-011-IPS_IU_SEP.jdb
Thu, 14 Dec 2017 09:10:43 gethttpfile.py[line:133] INFO MD5值 : 882881F9B44C91FB3C36F9C878BC9BA9
Thu, 14 Dec 2017 09:10:43 gethttpfile.py[line:139] INFO Md5 Check...匹配成功...OK
Thu, 14 Dec 2017 09:10:43 gethttpfile.py[line:116] INFO 下载目标地址：https://www.symantec.com/security_response/definitions/download/detail.jsp?gid=sonar
Thu, 14 Dec 2017 09:10:44 gethttpfile.py[line:128] INFO 正在下载文件 : http://definitions.symantec.com/defs/sonar/20171204-003-SONAR_IU_SEP.jdb
Thu, 14 Dec 2017 09:10:50 gethttpfile.py[line:133] INFO MD5值 : 29542B51BE6A7BAB816AB0687875DBEF
Thu, 14 Dec 2017 09:10:50 gethttpfile.py[line:139] INFO Md5 Check...匹配成功...OK
Thu, 14 Dec 2017 09:15:47 gethttpfile.py[line:102] INFO 下载目标地址：https://www.symantec.com/security_response/definitions/download/detail.jsp?gid=sep
Thu, 14 Dec 2017 09:15:48 gethttpfile.py[line:114] INFO 正在下载文件 : http://definitions.symantec.com/defs/jdb/vd4f1a07.jdb
Thu, 14 Dec 2017 09:18:28 gethttpfile.py[line:119] INFO MD5值 : 0577D937F7942361C12580A780E3D268
Thu, 14 Dec 2017 09:18:28 gethttpfile.py[line:125] INFO Md5 Check...匹配成功...OK
Thu, 14 Dec 2017 09:18:28 gethttpfile.py[line:102] INFO 下载目标地址：https://www.symantec.com/security_response/definitions/download/detail.jsp?gid=ips
Thu, 14 Dec 2017 09:18:29 gethttpfile.py[line:114] INFO 正在下载文件 : http://definitions.symantec.com/defs/ips/20171212-011-IPS_IU_SEP.jdb
Thu, 14 Dec 2017 09:18:35 gethttpfile.py[line:119] INFO MD5值 : 882881F9B44C91FB3C36F9C878BC9BA9
Thu, 14 Dec 2017 09:18:35 gethttpfile.py[line:125] INFO Md5 Check...匹配成功...OK
Thu, 14 Dec 2017 09:18:35 gethttpfile.py[line:102] INFO 下载目标地址：https://www.symantec.com/security_response/definitions/download/detail.jsp?gid=sonar
Thu, 14 Dec 2017 09:18:36 gethttpfile.py[line:114] INFO 正在下载文件 : http://definitions.symantec.com/defs/sonar/20171204-003-SONAR_IU_SEP.jdb
Thu, 14 Dec 2017 09:18:42 gethttpfile.py[line:119] INFO MD5值 : 29542B51BE6A7BAB816AB0687875DBEF
Thu, 14 Dec 2017 09:18:42 gethttpfile.py[line:125] INFO Md5 Check...匹配成功...OK
